<?xml version="1.0" encoding="UTF-8"?>
<!-- Generated by org.testng.reporters.JUnitReportReporter -->
<testsuite skipped="0" hostname="01HW552989" name="cnbcTest.CnbcTestdemo" tests="2" failures="0" timestamp="27 May 2019 13:45:56 GMT" time="0.008" errors="0">
  <testcase name="VideoVerification" time="0.004" classname="cnbcTest.CnbcTestdemo"/>
  <testcase name="VideoVerification1" time="0.004" classname="cnbcTest.CnbcTestdemo"/>
</testsuite> <!-- cnbcTest.CnbcTestdemo -->
