<?xml version="1.0" encoding="UTF-8"?>
<!-- Generated by org.testng.reporters.JUnitReportReporter -->
<testsuite skipped="0" hostname="DESKTOP-PK7M2M5" name="cnbcTest.CnbcTest" tests="1" failures="0" timestamp="16 Jun 2019 19:37:33 GMT" time="78.055" errors="0">
  <testcase name="VideoVerification" time="78.055" classname="cnbcTest.CnbcTest"/>
</testsuite> <!-- cnbcTest.CnbcTest -->
