<?xml version="1.0" encoding="UTF-8"?>
<!-- Generated by org.testng.reporters.JUnitReportReporter -->
<testsuite skipped="0" hostname="01HW552989" name="search.SearchTest" tests="2" failures="0" timestamp="19 Apr 2019 08:31:56 GMT" time="4.532" errors="0">
  <testcase name="test1" time="0.189" classname="search.SearchTest"/>
  <testcase name="Registration_data" time="4.343" classname="search.SearchTest"/>
</testsuite> <!-- search.SearchTest -->
