<?xml version="1.0" encoding="UTF-8"?>
<!-- Generated by org.testng.reporters.JUnitReportReporter -->
<testsuite skipped="0" hostname="01HW552989" name="google.GoogleTest" tests="4" failures="0" timestamp="24 Apr 2019 10:10:50 GMT" time="106.373" errors="0">
  <testcase name="Google1" time="7.232" classname="google.GoogleTest"/>
  <testcase name="Google3" time="2.034" classname="google.GoogleTest"/>
  <testcase name="Google" time="79.750" classname="google.GoogleTest"/>
  <testcase name="Google2" time="17.357" classname="google.GoogleTest"/>
</testsuite> <!-- google.GoogleTest -->
