<?xml version="1.0" encoding="UTF-8"?>
<!-- Generated by org.testng.reporters.JUnitReportReporter -->
<testsuite skipped="0" hostname="01HW552989" name="flipkartTest.FlipTest" tests="1" failures="0" timestamp="02 May 2019 10:01:39 GMT" time="332.814" errors="0">
  <testcase name="LogIn" time="332.814" classname="flipkartTest.FlipTest"/>
</testsuite> <!-- flipkartTest.FlipTest -->
