<?xml version="1.0" encoding="UTF-8"?>
<!-- Generated by org.testng.reporters.JUnitReportReporter -->
<testsuite hostname="DESKTOP-47TSQEP" failures="0" tests="2" name="whatTest.Calculator" time="2.228" errors="1" timestamp="06 Oct 2020 12:54:52 GMT" skipped="1">
  <testcase classname="whatTest.Calculator" name="testCal" time="0.000">
    <skipped/>
  </testcase> <!-- testCal -->
  <testcase classname="whatTest.Calculator" name="setUp" time="2.228">
    <error message="Unable to create a new remote session. Please check the server log for more details. Original error: An unknown server-side error occurred while processing the command. Original error: Error executing adbExec. Original error: &#039;Command &#039;C:\\Users\\DANIEL\\AppData\\Local\\Android\\Sdk\\platform-tools\\adb.exe -P 5037 -s 717d00ea shell &#039;settings delete global hidden_api_policy_pre_p_apps;settings delete global hidden_api_policy_p_apps;settings delete global hidden_api_policy&#039;&#039; exited with code 255&#039;; Stderr: &#039;Security exception: Permission denial: writing to settings requires:android.permission.WRITE_SECURE_SETTINGS

java.lang.SecurityException: Permission denial: writing to settings requires:android.permission.WRITE_SECURE_SETTINGS
	at com.android.providers.settings.SettingsProvider.enforceWritePermission(SettingsProvider.java:2340)
	at com.android.providers.settings.SettingsProvider.mutateGlobalSetting(SettingsProvider.java:1405)
	at com.android.providers.settings.SettingsProvider.deleteGlobalSetting(SettingsProvider.java:1388)
	at com.android.providers.settings.SettingsProvider.call(SettingsProvider.java:603)
	at android.content.ContentProvider.call(ContentProvider.java:2162)
	at android.content.ContentProvider$Transport.call(ContentProvider.java:481)
	at com.android.providers.settings.SettingsService$MyShellCommand.deleteForUser(SettingsService.java:399)
	at com.android.providers.settings.SettingsService$MyShellCommand.onCommand(SettingsService.java:281)
	at android.os.ShellCommand.exec(ShellCommand.java:104)
	at com.android.providers.settings.SettingsService.onShellCommand(SettingsService.java:49)
	at android.os.Binder.shellCommand(Binder.java:881)
	at android.os.Binder.onTransact(Binder.java:765)
	at android.os.Binder.execTransactInternal(Binder.java:1021)
	at android.os.Binder.execTransact(Binder.java:994)
Security exception: Permission denial: writing to settings requires:android.permission.WRITE_SECURE_SETTINGS

java.lang.SecurityException: Permission denial: writing to settings requires:android.permission.WRITE_SECURE_SETTINGS
	at com.android.providers.settings.SettingsProvider.enforceWritePermission(SettingsProvider.java:2340)
	at com.android.providers.settings.SettingsProvider.mutateGlobalSetting(SettingsProvider.java:1405)
	at com.android.providers.settings.SettingsProvider.deleteGlobalSetting(SettingsProvider.java:1388)
	at com.android.providers.settings.SettingsProvider.call(SettingsProvider.java:603)
	at android.content.ContentProvider.call(ContentProvider.java:2162)
	at android.content.ContentProvider$Transport.call(ContentProvider.java:481)
	at com.android.providers.settings.SettingsService$MyShellCommand.deleteForUser(SettingsService.java:399)
	at com.android.providers.settings.SettingsService$MyShellCommand.onCommand(SettingsService.java:281)
	at android.os.ShellCommand.exec(ShellCommand.java:104)
	at com.android.providers.settings.SettingsService.onShellCommand(SettingsService.java:49)
	at android.os.Binder.shellCommand(Binder.java:881)
	at android.os.Binder.onTransact(Binder.java:765)
	at android.os.Binder.execTransactInternal(Binder.java:1021)
	at android.os.Binder.execTransact(Binder.java:994)
Security exception: Permission denial: writing to settings requires:android.permission.WRITE_SECURE_SETTINGS

java.lang.SecurityException: Permission denial: writing to settings requires:android.permission.WRITE_SECURE_SETTINGS
	at com.android.providers.settings.SettingsProvider.enforceWritePermission(SettingsProvider.java:2340)
	at com.android.providers.settings.SettingsProvider.mutateGlobalSetting(SettingsProvider.java:1405)
	at com.android.providers.settings.SettingsProvider.deleteGlobalSetting(SettingsProvider.java:1388)
	at com.android.providers.settings.SettingsProvider.call(SettingsProvider.java:603)
	at android.content.ContentProvider.call(ContentProvider.java:2162)
	at android.content.ContentProvider$Transport.call(ContentProvider.java:481)
	at com.android.providers.settings.SettingsService$MyShellCommand.deleteForUser(SettingsService.java:399)
	at com.android.providers.settings.SettingsService$MyShellCommand.onCommand(SettingsService.java:281)
	at android.os.ShellCommand.exec(ShellCommand.java:104)
	at com.android.providers.settings.SettingsService.onShellCommand(SettingsService.java:49)
	at android.os.Binder.shellCommand(Binder.java:881)
	at android.os.Binder.onTransact(Binder.java:765)
	at android.os.Binder.execTransactInternal(Binder.java:1021)
	at android.os.Binder.execTransact(Binder.java:994)&#039;; Code: &#039;255&#039;
Build info: version: &#039;3.141.59&#039;, revision: &#039;e82be7d358&#039;, time: &#039;2018-11-14T08:17:03&#039;
System info: host: &#039;DESKTOP-47TSQEP&#039;, ip: &#039;192.168.29.197&#039;, os.name: &#039;Windows 10&#039;, os.arch: &#039;amd64&#039;, os.version: &#039;10.0&#039;, java.version: &#039;15&#039;
Driver info: driver.version: AndroidDriver
remote stacktrace: UnknownError: An unknown server-side error occurred while processing the command. Original error: Error executing adbExec. Original error: &#039;Command &#039;C:\\Users\\DANIEL\\AppData\\Local\\Android\\Sdk\\platform-tools\\adb.exe -P 5037 -s 717d00ea shell &#039;settings delete global hidden_api_policy_pre_p_apps;settings delete global hidden_api_policy_p_apps;settings delete global hidden_api_policy&#039;&#039; exited with code 255&#039;; Stderr: &#039;Security exception: Permission denial: writing to settings requires:android.permission.WRITE_SECURE_SETTINGS

java.lang.SecurityException: Permission denial: writing to settings requires:android.permission.WRITE_SECURE_SETTINGS
	at com.android.providers.settings.SettingsProvider.enforceWritePermission(SettingsProvider.java:2340)
	at com.android.providers.settings.SettingsProvider.mutateGlobalSetting(SettingsProvider.java:1405)
	at com.android.providers.settings.SettingsProvider.deleteGlobalSetting(SettingsProvider.java:1388)
	at com.android.providers.settings.SettingsProvider.call(SettingsProvider.java:603)
	at android.content.ContentProvider.call(ContentProvider.java:2162)
	at android.content.ContentProvider$Transport.call(ContentProvider.java:481)
	at com.android.providers.settings.SettingsService$MyShellCommand.deleteForUser(SettingsService.java:399)
	at com.android.providers.settings.SettingsService$MyShellCommand.onCommand(SettingsService.java:281)
	at android.os.ShellCommand.exec(ShellCommand.java:104)
	at com.android.providers.settings.SettingsService.onShellCommand(SettingsService.java:49)
	at android.os.Binder.shellCommand(Binder.java:881)
	at android.os.Binder.onTransact(Binder.java:765)
	at android.os.Binder.execTransactInternal(Binder.java:1021)
	at android.os.Binder.execTransact(Binder.java:994)
Security exception: Permission denial: writing to settings requires:android.permission.WRITE_SECURE_SETTINGS

java.lang.SecurityException: Permission denial: writing to settings requires:android.permission.WRITE_SECURE_SETTINGS
	at com.android.providers.settings.SettingsProvider.enforceWritePermission(SettingsProvider.java:2340)
	at com.android.providers.settings.SettingsProvider.mutateGlobalSetting(SettingsProvider.java:1405)
	at com.android.providers.settings.SettingsProvider.deleteGlobalSetting(SettingsProvider.java:1388)
	at com.android.providers.settings.SettingsProvider.call(SettingsProvider.java:603)
	at android.content.ContentProvider.call(ContentProvider.java:2162)
	at android.content.ContentProvider$Transport.call(ContentProvider.java:481)
	at com.android.providers.settings.SettingsService$MyShellCommand.deleteForUser(SettingsService.java:399)
	at com.android.providers.settings.SettingsService$MyShellCommand.onCommand(SettingsService.java:281)
	at android.os.ShellCommand.exec(ShellCommand.java:104)
	at com.android.providers.settings.SettingsService.onShellCommand(SettingsService.java:49)
	at android.os.Binder.shellCommand(Binder.java:881)
	at android.os.Binder.onTransact(Binder.java:765)
	at android.os.Binder.execTransactInternal(Binder.java:1021)
	at android.os.Binder.execTransact(Binder.java:994)
Security exception: Permission denial: writing to settings requires:android.permission.WRITE_SECURE_SETTINGS

java.lang.SecurityException: Permission denial: writing to settings requires:android.permission.WRITE_SECURE_SETTINGS
	at com.android.providers.settings.SettingsProvider.enforceWritePermission(SettingsProvider.java:2340)
	at com.android.providers.settings.SettingsProvider.mutateGlobalSetting(SettingsProvider.java:1405)
	at com.android.providers.settings.SettingsProvider.deleteGlobalSetting(SettingsProvider.java:1388)
	at com.android.providers.settings.SettingsProvider.call(SettingsProvider.java:603)
	at android.content.ContentProvider.call(ContentProvider.java:2162)
	at android.content.ContentProvider$Transport.call(ContentProvider.java:481)
	at com.android.providers.settings.SettingsService$MyShellCommand.deleteForUser(SettingsService.java:399)
	at com.android.providers.settings.SettingsService$MyShellCommand.onCommand(SettingsService.java:281)
	at android.os.ShellCommand.exec(ShellCommand.java:104)
	at com.android.providers.settings.SettingsService.onShellCommand(SettingsService.java:49)
	at android.os.Binder.shellCommand(Binder.java:881)
	at android.os.Binder.onTransact(Binder.java:765)
	at android.os.Binder.execTransactInternal(Binder.java:1021)
	at android.os.Binder.execTransact(Binder.java:994)&#039;; Code: &#039;255&#039;
    at getResponseForW3CError (D:\Automation1\document\Appium\appium\resources\app\node_modules\appium\node_modules\appium-base-driver\lib\protocol\errors.js:804:9)
    at asyncHandler (D:\Automation1\document\Appium\appium\resources\app\node_modules\appium\node_modules\appium-base-driver\lib\protocol\protocol.js:381:37)
Build info: version: &#039;3.141.59&#039;, revision: &#039;e82be7d358&#039;, time: &#039;2018-11-14T08:17:03&#039;
System info: host: &#039;DESKTOP-47TSQEP&#039;, ip: &#039;192.168.29.197&#039;, os.name: &#039;Windows 10&#039;, os.arch: &#039;amd64&#039;, os.version: &#039;10.0&#039;, java.version: &#039;15&#039;
Driver info: driver.version: AndroidDriver" type="org.openqa.selenium.SessionNotCreatedException">
      <![CDATA[org.openqa.selenium.SessionNotCreatedException: Unable to create a new remote session. Please check the server log for more details. Original error: An unknown server-side error occurred while processing the command. Original error: Error executing adbExec. Original error: 'Command 'C:\\Users\\DANIEL\\AppData\\Local\\Android\\Sdk\\platform-tools\\adb.exe -P 5037 -s 717d00ea shell 'settings delete global hidden_api_policy_pre_p_apps;settings delete global hidden_api_policy_p_apps;settings delete global hidden_api_policy'' exited with code 255'; Stderr: 'Security exception: Permission denial: writing to settings requires:android.permission.WRITE_SECURE_SETTINGS

java.lang.SecurityException: Permission denial: writing to settings requires:android.permission.WRITE_SECURE_SETTINGS
at com.android.providers.settings.SettingsProvider.enforceWritePermission(SettingsProvider.java:2340)
at com.android.providers.settings.SettingsProvider.mutateGlobalSetting(SettingsProvider.java:1405)
at com.android.providers.settings.SettingsProvider.deleteGlobalSetting(SettingsProvider.java:1388)
at com.android.providers.settings.SettingsProvider.call(SettingsProvider.java:603)
at android.content.ContentProvider.call(ContentProvider.java:2162)
at android.content.ContentProvider$Transport.call(ContentProvider.java:481)
at com.android.providers.settings.SettingsService$MyShellCommand.deleteForUser(SettingsService.java:399)
at com.android.providers.settings.SettingsService$MyShellCommand.onCommand(SettingsService.java:281)
at android.os.ShellCommand.exec(ShellCommand.java:104)
at com.android.providers.settings.SettingsService.onShellCommand(SettingsService.java:49)
at android.os.Binder.shellCommand(Binder.java:881)
at android.os.Binder.onTransact(Binder.java:765)
at android.os.Binder.execTransactInternal(Binder.java:1021)
at android.os.Binder.execTransact(Binder.java:994)
Security exception: Permission denial: writing to settings requires:android.permission.WRITE_SECURE_SETTINGS

java.lang.SecurityException: Permission denial: writing to settings requires:android.permission.WRITE_SECURE_SETTINGS
at com.android.providers.settings.SettingsProvider.enforceWritePermission(SettingsProvider.java:2340)
at com.android.providers.settings.SettingsProvider.mutateGlobalSetting(SettingsProvider.java:1405)
at com.android.providers.settings.SettingsProvider.deleteGlobalSetting(SettingsProvider.java:1388)
at com.android.providers.settings.SettingsProvider.call(SettingsProvider.java:603)
at android.content.ContentProvider.call(ContentProvider.java:2162)
at android.content.ContentProvider$Transport.call(ContentProvider.java:481)
at com.android.providers.settings.SettingsService$MyShellCommand.deleteForUser(SettingsService.java:399)
at com.android.providers.settings.SettingsService$MyShellCommand.onCommand(SettingsService.java:281)
at android.os.ShellCommand.exec(ShellCommand.java:104)
at com.android.providers.settings.SettingsService.onShellCommand(SettingsService.java:49)
at android.os.Binder.shellCommand(Binder.java:881)
at android.os.Binder.onTransact(Binder.java:765)
at android.os.Binder.execTransactInternal(Binder.java:1021)
at android.os.Binder.execTransact(Binder.java:994)
Security exception: Permission denial: writing to settings requires:android.permission.WRITE_SECURE_SETTINGS

java.lang.SecurityException: Permission denial: writing to settings requires:android.permission.WRITE_SECURE_SETTINGS
at com.android.providers.settings.SettingsProvider.enforceWritePermission(SettingsProvider.java:2340)
at com.android.providers.settings.SettingsProvider.mutateGlobalSetting(SettingsProvider.java:1405)
at com.android.providers.settings.SettingsProvider.deleteGlobalSetting(SettingsProvider.java:1388)
at com.android.providers.settings.SettingsProvider.call(SettingsProvider.java:603)
at android.content.ContentProvider.call(ContentProvider.java:2162)
at android.content.ContentProvider$Transport.call(ContentProvider.java:481)
at com.android.providers.settings.SettingsService$MyShellCommand.deleteForUser(SettingsService.java:399)
at com.android.providers.settings.SettingsService$MyShellCommand.onCommand(SettingsService.java:281)
at android.os.ShellCommand.exec(ShellCommand.java:104)
at com.android.providers.settings.SettingsService.onShellCommand(SettingsService.java:49)
at android.os.Binder.shellCommand(Binder.java:881)
at android.os.Binder.onTransact(Binder.java:765)
at android.os.Binder.execTransactInternal(Binder.java:1021)
at android.os.Binder.execTransact(Binder.java:994)'; Code: '255'
Build info: version: '3.141.59', revision: 'e82be7d358', time: '2018-11-14T08:17:03'
System info: host: 'DESKTOP-47TSQEP', ip: '192.168.29.197', os.name: 'Windows 10', os.arch: 'amd64', os.version: '10.0', java.version: '15'
Driver info: driver.version: AndroidDriver
remote stacktrace: UnknownError: An unknown server-side error occurred while processing the command. Original error: Error executing adbExec. Original error: 'Command 'C:\\Users\\DANIEL\\AppData\\Local\\Android\\Sdk\\platform-tools\\adb.exe -P 5037 -s 717d00ea shell 'settings delete global hidden_api_policy_pre_p_apps;settings delete global hidden_api_policy_p_apps;settings delete global hidden_api_policy'' exited with code 255'; Stderr: 'Security exception: Permission denial: writing to settings requires:android.permission.WRITE_SECURE_SETTINGS

java.lang.SecurityException: Permission denial: writing to settings requires:android.permission.WRITE_SECURE_SETTINGS
at com.android.providers.settings.SettingsProvider.enforceWritePermission(SettingsProvider.java:2340)
at com.android.providers.settings.SettingsProvider.mutateGlobalSetting(SettingsProvider.java:1405)
at com.android.providers.settings.SettingsProvider.deleteGlobalSetting(SettingsProvider.java:1388)
at com.android.providers.settings.SettingsProvider.call(SettingsProvider.java:603)
at android.content.ContentProvider.call(ContentProvider.java:2162)
at android.content.ContentProvider$Transport.call(ContentProvider.java:481)
at com.android.providers.settings.SettingsService$MyShellCommand.deleteForUser(SettingsService.java:399)
at com.android.providers.settings.SettingsService$MyShellCommand.onCommand(SettingsService.java:281)
at android.os.ShellCommand.exec(ShellCommand.java:104)
at com.android.providers.settings.SettingsService.onShellCommand(SettingsService.java:49)
at android.os.Binder.shellCommand(Binder.java:881)
at android.os.Binder.onTransact(Binder.java:765)
at android.os.Binder.execTransactInternal(Binder.java:1021)
at android.os.Binder.execTransact(Binder.java:994)
Security exception: Permission denial: writing to settings requires:android.permission.WRITE_SECURE_SETTINGS

java.lang.SecurityException: Permission denial: writing to settings requires:android.permission.WRITE_SECURE_SETTINGS
at com.android.providers.settings.SettingsProvider.enforceWritePermission(SettingsProvider.java:2340)
at com.android.providers.settings.SettingsProvider.mutateGlobalSetting(SettingsProvider.java:1405)
at com.android.providers.settings.SettingsProvider.deleteGlobalSetting(SettingsProvider.java:1388)
at com.android.providers.settings.SettingsProvider.call(SettingsProvider.java:603)
at android.content.ContentProvider.call(ContentProvider.java:2162)
at android.content.ContentProvider$Transport.call(ContentProvider.java:481)
at com.android.providers.settings.SettingsService$MyShellCommand.deleteForUser(SettingsService.java:399)
at com.android.providers.settings.SettingsService$MyShellCommand.onCommand(SettingsService.java:281)
at android.os.ShellCommand.exec(ShellCommand.java:104)
at com.android.providers.settings.SettingsService.onShellCommand(SettingsService.java:49)
at android.os.Binder.shellCommand(Binder.java:881)
at android.os.Binder.onTransact(Binder.java:765)
at android.os.Binder.execTransactInternal(Binder.java:1021)
at android.os.Binder.execTransact(Binder.java:994)
Security exception: Permission denial: writing to settings requires:android.permission.WRITE_SECURE_SETTINGS

java.lang.SecurityException: Permission denial: writing to settings requires:android.permission.WRITE_SECURE_SETTINGS
at com.android.providers.settings.SettingsProvider.enforceWritePermission(SettingsProvider.java:2340)
at com.android.providers.settings.SettingsProvider.mutateGlobalSetting(SettingsProvider.java:1405)
at com.android.providers.settings.SettingsProvider.deleteGlobalSetting(SettingsProvider.java:1388)
at com.android.providers.settings.SettingsProvider.call(SettingsProvider.java:603)
at android.content.ContentProvider.call(ContentProvider.java:2162)
at android.content.ContentProvider$Transport.call(ContentProvider.java:481)
at com.android.providers.settings.SettingsService$MyShellCommand.deleteForUser(SettingsService.java:399)
at com.android.providers.settings.SettingsService$MyShellCommand.onCommand(SettingsService.java:281)
at android.os.ShellCommand.exec(ShellCommand.java:104)
at com.android.providers.settings.SettingsService.onShellCommand(SettingsService.java:49)
at android.os.Binder.shellCommand(Binder.java:881)
at android.os.Binder.onTransact(Binder.java:765)
at android.os.Binder.execTransactInternal(Binder.java:1021)
at android.os.Binder.execTransact(Binder.java:994)'; Code: '255'
    at getResponseForW3CError (D:\Automation1\document\Appium\appium\resources\app\node_modules\appium\node_modules\appium-base-driver\lib\protocol\errors.js:804:9)
    at asyncHandler (D:\Automation1\document\Appium\appium\resources\app\node_modules\appium\node_modules\appium-base-driver\lib\protocol\protocol.js:381:37)
Build info: version: '3.141.59', revision: 'e82be7d358', time: '2018-11-14T08:17:03'
System info: host: 'DESKTOP-47TSQEP', ip: '192.168.29.197', os.name: 'Windows 10', os.arch: 'amd64', os.version: '10.0', java.version: '15'
Driver info: driver.version: AndroidDriver
at io.appium.java_client.remote.AppiumCommandExecutor$1.createSession(AppiumCommandExecutor.java:208)
at io.appium.java_client.remote.AppiumCommandExecutor.createSession(AppiumCommandExecutor.java:217)
at io.appium.java_client.remote.AppiumCommandExecutor.execute(AppiumCommandExecutor.java:239)
at org.openqa.selenium.remote.RemoteWebDriver.execute(RemoteWebDriver.java:552)
at io.appium.java_client.DefaultGenericMobileDriver.execute(DefaultGenericMobileDriver.java:41)
at io.appium.java_client.AppiumDriver.execute(AppiumDriver.java:1)
at io.appium.java_client.android.AndroidDriver.execute(AndroidDriver.java:1)
at org.openqa.selenium.remote.RemoteWebDriver.startSession(RemoteWebDriver.java:213)
at io.appium.java_client.AppiumDriver.startSession(AppiumDriver.java:323)
at org.openqa.selenium.remote.RemoteWebDriver.<init>(RemoteWebDriver.java:131)
at io.appium.java_client.DefaultGenericMobileDriver.<init>(DefaultGenericMobileDriver.java:37)
at io.appium.java_client.AppiumDriver.<init>(AppiumDriver.java:86)
at io.appium.java_client.AppiumDriver.<init>(AppiumDriver.java:96)
at io.appium.java_client.android.AndroidDriver.<init>(AndroidDriver.java:94)
at whatTest.Calculator.setUp(Calculator.java:42)
at java.base/jdk.internal.reflect.NativeMethodAccessorImpl.invoke0(Native Method)
at java.base/jdk.internal.reflect.NativeMethodAccessorImpl.invoke(NativeMethodAccessorImpl.java:64)
at java.base/jdk.internal.reflect.DelegatingMethodAccessorImpl.invoke(DelegatingMethodAccessorImpl.java:43)
at java.base/java.lang.reflect.Method.invoke(Method.java:564)
at org.testng.internal.MethodInvocationHelper.invokeMethod(MethodInvocationHelper.java:124)
at org.testng.internal.MethodInvocationHelper.invokeMethodConsideringTimeout(MethodInvocationHelper.java:59)
at org.testng.internal.Invoker.invokeConfigurationMethod(Invoker.java:458)
at org.testng.internal.Invoker.invokeConfigurations(Invoker.java:222)
at org.testng.internal.Invoker.invokeConfigurations(Invoker.java:142)
at org.testng.internal.TestMethodWorker.invokeBeforeClassMethods(TestMethodWorker.java:168)
at org.testng.internal.TestMethodWorker.run(TestMethodWorker.java:105)
at org.testng.TestRunner.privateRun(TestRunner.java:648)
at org.testng.TestRunner.run(TestRunner.java:505)
at org.testng.SuiteRunner.runTest(SuiteRunner.java:455)
at org.testng.SuiteRunner.runSequentially(SuiteRunner.java:450)
at org.testng.SuiteRunner.privateRun(SuiteRunner.java:415)
at org.testng.SuiteRunner.run(SuiteRunner.java:364)
at org.testng.SuiteRunnerWorker.runSuite(SuiteRunnerWorker.java:52)
at org.testng.SuiteRunnerWorker.run(SuiteRunnerWorker.java:84)
at org.testng.TestNG.runSuitesSequentially(TestNG.java:1208)
at org.testng.TestNG.runSuitesLocally(TestNG.java:1137)
at org.testng.TestNG.runSuites(TestNG.java:1049)
at org.testng.TestNG.run(TestNG.java:1017)
at org.testng.remote.AbstractRemoteTestNG.run(AbstractRemoteTestNG.java:115)
at org.testng.remote.RemoteTestNG.initAndRun(RemoteTestNG.java:251)
at org.testng.remote.RemoteTestNG.main(RemoteTestNG.java:77)
Caused by: java.lang.reflect.InvocationTargetException
at java.base/jdk.internal.reflect.NativeMethodAccessorImpl.invoke0(Native Method)
at java.base/jdk.internal.reflect.NativeMethodAccessorImpl.invoke(NativeMethodAccessorImpl.java:64)
at java.base/jdk.internal.reflect.DelegatingMethodAccessorImpl.invoke(DelegatingMethodAccessorImpl.java:43)
at java.base/java.lang.reflect.Method.invoke(Method.java:564)
at io.appium.java_client.remote.AppiumCommandExecutor$1.createSession(AppiumCommandExecutor.java:186)
... 40 more
Caused by: org.openqa.selenium.WebDriverException: An unknown server-side error occurred while processing the command. Original error: Error executing adbExec. Original error: 'Command 'C:\\Users\\DANIEL\\AppData\\Local\\Android\\Sdk\\platform-tools\\adb.exe -P 5037 -s 717d00ea shell 'settings delete global hidden_api_policy_pre_p_apps;settings delete global hidden_api_policy_p_apps;settings delete global hidden_api_policy'' exited with code 255'; Stderr: 'Security exception: Permission denial: writing to settings requires:android.permission.WRITE_SECURE_SETTINGS

java.lang.SecurityException: Permission denial: writing to settings requires:android.permission.WRITE_SECURE_SETTINGS
at com.android.providers.settings.SettingsProvider.enforceWritePermission(SettingsProvider.java:2340)
at com.android.providers.settings.SettingsProvider.mutateGlobalSetting(SettingsProvider.java:1405)
at com.android.providers.settings.SettingsProvider.deleteGlobalSetting(SettingsProvider.java:1388)
at com.android.providers.settings.SettingsProvider.call(SettingsProvider.java:603)
at android.content.ContentProvider.call(ContentProvider.java:2162)
at android.content.ContentProvider$Transport.call(ContentProvider.java:481)
at com.android.providers.settings.SettingsService$MyShellCommand.deleteForUser(SettingsService.java:399)
at com.android.providers.settings.SettingsService$MyShellCommand.onCommand(SettingsService.java:281)
at android.os.ShellCommand.exec(ShellCommand.java:104)
at com.android.providers.settings.SettingsService.onShellCommand(SettingsService.java:49)
at android.os.Binder.shellCommand(Binder.java:881)
at android.os.Binder.onTransact(Binder.java:765)
at android.os.Binder.execTransactInternal(Binder.java:1021)
at android.os.Binder.execTransact(Binder.java:994)
Security exception: Permission denial: writing to settings requires:android.permission.WRITE_SECURE_SETTINGS

java.lang.SecurityException: Permission denial: writing to settings requires:android.permission.WRITE_SECURE_SETTINGS
at com.android.providers.settings.SettingsProvider.enforceWritePermission(SettingsProvider.java:2340)
at com.android.providers.settings.SettingsProvider.mutateGlobalSetting(SettingsProvider.java:1405)
at com.android.providers.settings.SettingsProvider.deleteGlobalSetting(SettingsProvider.java:1388)
at com.android.providers.settings.SettingsProvider.call(SettingsProvider.java:603)
at android.content.ContentProvider.call(ContentProvider.java:2162)
at android.content.ContentProvider$Transport.call(ContentProvider.java:481)
at com.android.providers.settings.SettingsService$MyShellCommand.deleteForUser(SettingsService.java:399)
at com.android.providers.settings.SettingsService$MyShellCommand.onCommand(SettingsService.java:281)
at android.os.ShellCommand.exec(ShellCommand.java:104)
at com.android.providers.settings.SettingsService.onShellCommand(SettingsService.java:49)
at android.os.Binder.shellCommand(Binder.java:881)
at android.os.Binder.onTransact(Binder.java:765)
at android.os.Binder.execTransactInternal(Binder.java:1021)
at android.os.Binder.execTransact(Binder.java:994)
Security exception: Permission denial: writing to settings requires:android.permission.WRITE_SECURE_SETTINGS

java.lang.SecurityException: Permission denial: writing to settings requires:android.permission.WRITE_SECURE_SETTINGS
at com.android.providers.settings.SettingsProvider.enforceWritePermission(SettingsProvider.java:2340)
at com.android.providers.settings.SettingsProvider.mutateGlobalSetting(SettingsProvider.java:1405)
at com.android.providers.settings.SettingsProvider.deleteGlobalSetting(SettingsProvider.java:1388)
at com.android.providers.settings.SettingsProvider.call(SettingsProvider.java:603)
at android.content.ContentProvider.call(ContentProvider.java:2162)
at android.content.ContentProvider$Transport.call(ContentProvider.java:481)
at com.android.providers.settings.SettingsService$MyShellCommand.deleteForUser(SettingsService.java:399)
at com.android.providers.settings.SettingsService$MyShellCommand.onCommand(SettingsService.java:281)
at android.os.ShellCommand.exec(ShellCommand.java:104)
at com.android.providers.settings.SettingsService.onShellCommand(SettingsService.java:49)
at android.os.Binder.shellCommand(Binder.java:881)
at android.os.Binder.onTransact(Binder.java:765)
at android.os.Binder.execTransactInternal(Binder.java:1021)
at android.os.Binder.execTransact(Binder.java:994)'; Code: '255'
Build info: version: '3.141.59', revision: 'e82be7d358', time: '2018-11-14T08:17:03'
System info: host: 'DESKTOP-47TSQEP', ip: '192.168.29.197', os.name: 'Windows 10', os.arch: 'amd64', os.version: '10.0', java.version: '15'
Driver info: driver.version: AndroidDriver
remote stacktrace: UnknownError: An unknown server-side error occurred while processing the command. Original error: Error executing adbExec. Original error: 'Command 'C:\\Users\\DANIEL\\AppData\\Local\\Android\\Sdk\\platform-tools\\adb.exe -P 5037 -s 717d00ea shell 'settings delete global hidden_api_policy_pre_p_apps;settings delete global hidden_api_policy_p_apps;settings delete global hidden_api_policy'' exited with code 255'; Stderr: 'Security exception: Permission denial: writing to settings requires:android.permission.WRITE_SECURE_SETTINGS

java.lang.SecurityException: Permission denial: writing to settings requires:android.permission.WRITE_SECURE_SETTINGS
at com.android.providers.settings.SettingsProvider.enforceWritePermission(SettingsProvider.java:2340)
at com.android.providers.settings.SettingsProvider.mutateGlobalSetting(SettingsProvider.java:1405)
at com.android.providers.settings.SettingsProvider.deleteGlobalSetting(SettingsProvider.java:1388)
at com.android.providers.settings.SettingsProvider.call(SettingsProvider.java:603)
at android.content.ContentProvider.call(ContentProvider.java:2162)
at android.content.ContentProvider$Transport.call(ContentProvider.java:481)
at com.android.providers.settings.SettingsService$MyShellCommand.deleteForUser(SettingsService.java:399)
at com.android.providers.settings.SettingsService$MyShellCommand.onCommand(SettingsService.java:281)
at android.os.ShellCommand.exec(ShellCommand.java:104)
at com.android.providers.settings.SettingsService.onShellCommand(SettingsService.java:49)
at android.os.Binder.shellCommand(Binder.java:881)
at android.os.Binder.onTransact(Binder.java:765)
at android.os.Binder.execTransactInternal(Binder.java:1021)
at android.os.Binder.execTransact(Binder.java:994)
Security exception: Permission denial: writing to settings requires:android.permission.WRITE_SECURE_SETTINGS

java.lang.SecurityException: Permission denial: writing to settings requires:android.permission.WRITE_SECURE_SETTINGS
at com.android.providers.settings.SettingsProvider.enforceWritePermission(SettingsProvider.java:2340)
at com.android.providers.settings.SettingsProvider.mutateGlobalSetting(SettingsProvider.java:1405)
at com.android.providers.settings.SettingsProvider.deleteGlobalSetting(SettingsProvider.java:1388)
at com.android.providers.settings.SettingsProvider.call(SettingsProvider.java:603)
at android.content.ContentProvider.call(ContentProvider.java:2162)
at android.content.ContentProvider$Transport.call(ContentProvider.java:481)
at com.android.providers.settings.SettingsService$MyShellCommand.deleteForUser(SettingsService.java:399)
at com.android.providers.settings.SettingsService$MyShellCommand.onCommand(SettingsService.java:281)
at android.os.ShellCommand.exec(ShellCommand.java:104)
at com.android.providers.settings.SettingsService.onShellCommand(SettingsService.java:49)
at android.os.Binder.shellCommand(Binder.java:881)
at android.os.Binder.onTransact(Binder.java:765)
at android.os.Binder.execTransactInternal(Binder.java:1021)
at android.os.Binder.execTransact(Binder.java:994)
Security exception: Permission denial: writing to settings requires:android.permission.WRITE_SECURE_SETTINGS

java.lang.SecurityException: Permission denial: writing to settings requires:android.permission.WRITE_SECURE_SETTINGS
at com.android.providers.settings.SettingsProvider.enforceWritePermission(SettingsProvider.java:2340)
at com.android.providers.settings.SettingsProvider.mutateGlobalSetting(SettingsProvider.java:1405)
at com.android.providers.settings.SettingsProvider.deleteGlobalSetting(SettingsProvider.java:1388)
at com.android.providers.settings.SettingsProvider.call(SettingsProvider.java:603)
at android.content.ContentProvider.call(ContentProvider.java:2162)
at android.content.ContentProvider$Transport.call(ContentProvider.java:481)
at com.android.providers.settings.SettingsService$MyShellCommand.deleteForUser(SettingsService.java:399)
at com.android.providers.settings.SettingsService$MyShellCommand.onCommand(SettingsService.java:281)
at android.os.ShellCommand.exec(ShellCommand.java:104)
at com.android.providers.settings.SettingsService.onShellCommand(SettingsService.java:49)
at android.os.Binder.shellCommand(Binder.java:881)
at android.os.Binder.onTransact(Binder.java:765)
at android.os.Binder.execTransactInternal(Binder.java:1021)
at android.os.Binder.execTransact(Binder.java:994)'; Code: '255'
    at getResponseForW3CError (D:\Automation1\document\Appium\appium\resources\app\node_modules\appium\node_modules\appium-base-driver\lib\protocol\errors.js:804:9)
    at asyncHandler (D:\Automation1\document\Appium\appium\resources\app\node_modules\appium\node_modules\appium-base-driver\lib\protocol\protocol.js:381:37)
at java.base/jdk.internal.reflect.NativeConstructorAccessorImpl.newInstance0(Native Method)
at java.base/jdk.internal.reflect.NativeConstructorAccessorImpl.newInstance(NativeConstructorAccessorImpl.java:64)
at java.base/jdk.internal.reflect.DelegatingConstructorAccessorImpl.newInstance(DelegatingConstructorAccessorImpl.java:45)
at java.base/java.lang.reflect.Constructor.newInstanceWithCaller(Constructor.java:500)
at java.base/java.lang.reflect.Constructor.newInstance(Constructor.java:481)
at org.openqa.selenium.remote.W3CHandshakeResponse.lambda$errorHandler$0(W3CHandshakeResponse.java:62)
at org.openqa.selenium.remote.HandshakeResponse.lambda$getResponseFunction$0(HandshakeResponse.java:30)
at org.openqa.selenium.remote.ProtocolHandshake.lambda$createSession$0(ProtocolHandshake.java:126)
at java.base/java.util.stream.ReferencePipeline$3$1.accept(ReferencePipeline.java:195)
at java.base/java.util.Spliterators$ArraySpliterator.tryAdvance(Spliterators.java:958)
at java.base/java.util.stream.ReferencePipeline.forEachWithCancel(ReferencePipeline.java:127)
at java.base/java.util.stream.AbstractPipeline.copyIntoWithCancel(AbstractPipeline.java:502)
at java.base/java.util.stream.AbstractPipeline.copyInto(AbstractPipeline.java:488)
at java.base/java.util.stream.AbstractPipeline.wrapAndCopyInto(AbstractPipeline.java:474)
at java.base/java.util.stream.FindOps$FindOp.evaluateSequential(FindOps.java:150)
at java.base/java.util.stream.AbstractPipeline.evaluate(AbstractPipeline.java:234)
at java.base/java.util.stream.ReferencePipeline.findFirst(ReferencePipeline.java:543)
at org.openqa.selenium.remote.ProtocolHandshake.createSession(ProtocolHandshake.java:128)
... 45 more
]]>
    </error>
  </testcase> <!-- setUp -->
</testsuite> <!-- whatTest.Calculator -->
