<?xml version="1.0" encoding="UTF-8"?>
<!-- Generated by org.testng.reporters.JUnitReportReporter -->
<testsuite hostname="DESKTOP-47TSQEP" failures="0" tests="1" name="appiumTest.CalculatorR" time="4.801" errors="0" timestamp="26 Feb 2021 02:15:54 GMT" skipped="0">
  <testcase classname="appiumTest.CalculatorR" name="testCal" time="4.801"/>
</testsuite> <!-- appiumTest.CalculatorR -->
