<?xml version="1.0" encoding="UTF-8"?>
<!-- Generated by org.testng.reporters.JUnitReportReporter -->
<testsuite hostname="DESKTOP-47TSQEP" failures="0" tests="1" name="appiumTest.ChromeAmazon" time="62.961" errors="0" timestamp="26 Feb 2021 02:50:24 GMT" skipped="0">
  <testcase classname="appiumTest.ChromeAmazon" name="testCal" time="62.961"/>
</testsuite> <!-- appiumTest.ChromeAmazon -->
