<?xml version="1.0" encoding="UTF-8"?>
<!-- Generated by org.testng.reporters.JUnitReportReporter -->
<testsuite skipped="0" hostname="01HW552989" name="screendemo.GoogleTest" tests="4" failures="0" timestamp="26 Apr 2019 10:23:28 GMT" time="49.998" errors="0">
  <testcase name="Google2" time="17.167" classname="screendemo.GoogleTest"/>
  <testcase name="Google3" time="2.049" classname="screendemo.GoogleTest"/>
  <testcase name="Google" time="30.216" classname="screendemo.GoogleTest"/>
  <testcase name="Google1" time="0.566" classname="screendemo.GoogleTest"/>
</testsuite> <!-- screendemo.GoogleTest -->
