<?xml version="1.0" encoding="UTF-8"?>
<!-- Generated by org.testng.reporters.JUnitReportReporter -->
<testsuite skipped="0" hostname="01HW552989" name="search.SearchTest" tests="2" failures="0" timestamp="26 Apr 2019 07:33:53 GMT" time="13.224" errors="0">
  <testcase name="Registration_data" time="13.154" classname="search.SearchTest"/>
  <testcase name="test1" time="0.070" classname="search.SearchTest"/>
</testsuite> <!-- search.SearchTest -->
