<?xml version="1.0" encoding="UTF-8"?>
<!-- Generated by org.testng.reporters.JUnitReportReporter -->
<testsuite skipped="0" hostname="01HW552989" name="jxtextarea.JxtextareaTest" tests="1" failures="0" timestamp="04 Apr 2019 10:51:18 GMT" time="89.045" errors="0">
  <testcase name="Google" time="89.045" classname="jxtextarea.JxtextareaTest"/>
</testsuite> <!-- jxtextarea.JxtextareaTest -->
