<?xml version="1.0" encoding="UTF-8"?>
<!-- Generated by org.testng.reporters.JUnitReportReporter -->
<testsuite skipped="0" hostname="01HW552989" name="combo.ComboTest" tests="1" failures="0" timestamp="17 Apr 2019 11:50:58 GMT" time="81.455" errors="0">
  <testcase name="Google" time="81.455" classname="combo.ComboTest"/>
</testsuite> <!-- combo.ComboTest -->
