<?xml version="1.0" encoding="UTF-8"?>
<!-- Generated by org.testng.reporters.JUnitReportReporter -->
<testsuite skipped="0" hostname="01HW552989" name="test1.NewTest1" tests="3" failures="0" timestamp="13 Feb 2019 13:31:27 GMT" time="15.742" errors="0">
  <testcase name="maincode3" time="2.279" classname="test1.NewTest1"/>
  <testcase name="maincode2" time="7.575" classname="test1.NewTest1"/>
  <testcase name="maincode1" time="5.888" classname="test1.NewTest1"/>
</testsuite> <!-- test1.NewTest1 -->
