<?xml version="1.0" encoding="UTF-8"?>
<!-- Generated by org.testng.reporters.JUnitReportReporter -->
<testsuite skipped="0" hostname="01HW552989" name="later.SomeTest" tests="6" failures="0" timestamp="18 Feb 2019 13:23:28 GMT" time="0.027" errors="0">
  <testcase name="secondTest" time="0.001" classname="later.SomeTest"/>
  <testcase name="firstTest" time="0.018" classname="later.SomeTest"/>
  <testcase name="firstTest" time="0.001" classname="later.SomeTest"/>
  <testcase name="thirdTest" time="0.003" classname="later.SomeTest"/>
  <testcase name="secondTest" time="0.001" classname="later.SomeTest"/>
  <testcase name="thirdTest" time="0.003" classname="later.SomeTest"/>
</testsuite> <!-- later.SomeTest -->
