<?xml version="1.0" encoding="UTF-8"?>
<!-- Generated by org.testng.reporters.JUnitReportReporter -->
<testsuite skipped="0" hostname="01HW552989" name="carwale.CarwaleTest" tests="1" failures="0" timestamp="28 Feb 2019 13:43:42 GMT" time="85.212" errors="0">
  <testcase name="CarCompare" time="85.212" classname="carwale.CarwaleTest"/>
</testsuite> <!-- carwale.CarwaleTest -->
