<?xml version="1.0" encoding="UTF-8"?>
<!-- Generated by org.testng.reporters.JUnitReportReporter -->
<testsuite skipped="0" hostname="01HW552989" name="google.GoogleTest" tests="1" failures="0" timestamp="01 Mar 2019 14:15:53 GMT" time="110.166" errors="0">
  <testcase name="Google" time="110.166" classname="google.GoogleTest"/>
</testsuite> <!-- google.GoogleTest -->
