<?xml version="1.0" encoding="UTF-8"?>
<!-- Generated by org.testng.reporters.JUnitReportReporter -->
<testsuite skipped="0" hostname="01HW552989" name="jqxListBox.JqxListBoxTest" tests="1" failures="0" timestamp="08 Apr 2019 07:49:59 GMT" time="317.050" errors="0">
  <testcase name="Google" time="317.050" classname="jqxListBox.JqxListBoxTest"/>
</testsuite> <!-- jqxListBox.JqxListBoxTest -->
