<?xml version="1.0" encoding="UTF-8"?>
<!-- Generated by org.testng.reporters.JUnitReportReporter -->
<testsuite skipped="0" hostname="01HW552989" name="flipkartTest.FlipTest" tests="1" failures="0" timestamp="30 Apr 2019 12:36:07 GMT" time="21.587" errors="0">
  <testcase name="LogIn" time="21.587" classname="flipkartTest.FlipTest"/>
</testsuite> <!-- flipkartTest.FlipTest -->
