<?xml version="1.0" encoding="UTF-8"?>
<!-- Generated by org.testng.reporters.JUnitReportReporter -->
<testsuite skipped="0" hostname="01HW552989" name="cnbcTest.CnbcTest" tests="1" failures="0" timestamp="27 May 2019 07:09:06 GMT" time="0.353" errors="0">
  <testcase name="VideoVerification" time="0.353" classname="cnbcTest.CnbcTest"/>
</testsuite> <!-- cnbcTest.CnbcTest -->
