<?xml version="1.0" encoding="UTF-8"?>
<!-- Generated by org.testng.reporters.JUnitReportReporter -->
<testsuite skipped="0" hostname="01HW552989" name="upload.UploadTest" tests="1" failures="0" timestamp="06 Mar 2019 07:04:56 GMT" time="53.514" errors="0">
  <testcase name="Google" time="53.514" classname="upload.UploadTest"/>
</testsuite> <!-- upload.UploadTest -->
