<?xml version="1.0" encoding="UTF-8"?>
<!-- Generated by org.testng.reporters.JUnitReportReporter -->
<testsuite skipped="0" hostname="01HW552989" name="combo.ComboTest" tests="1" failures="0" timestamp="17 Apr 2019 12:37:38 GMT" time="77.688" errors="0">
  <testcase name="Google" time="77.688" classname="combo.ComboTest"/>
</testsuite> <!-- combo.ComboTest -->
