<?xml version="1.0" encoding="UTF-8"?>
<!-- Generated by org.testng.reporters.JUnitReportReporter -->
<testsuite skipped="0" hostname="01HW552989" name="goibibo.GoibiboTest" tests="1" failures="0" timestamp="27 Feb 2019 07:18:48 GMT" time="60.007" errors="0">
  <testcase name="Registration_data" time="60.007" classname="goibibo.GoibiboTest"/>
</testsuite> <!-- goibibo.GoibiboTest -->
