<?xml version="1.0" encoding="UTF-8"?>
<!-- Generated by org.testng.reporters.JUnitReportReporter -->
<testsuite skipped="0" hostname="01HW552989" name="jxgrid.JxgridTest" tests="1" failures="0" timestamp="05 Apr 2019 11:11:41 GMT" time="48.314" errors="0">
  <testcase name="Google" time="48.314" classname="jxgrid.JxgridTest"/>
</testsuite> <!-- jxgrid.JxgridTest -->
