<?xml version="1.0" encoding="UTF-8"?>
<!-- Generated by org.testng.reporters.JUnitReportReporter -->
<testsuite skipped="0" hostname="01HW552989" name="test.NewTest" tests="1" failures="0" timestamp="13 Feb 2019 10:07:42 GMT" time="16.424" errors="0">
  <testcase name="maincode" time="16.424" classname="test.NewTest"/>
</testsuite> <!-- test.NewTest -->
