<?xml version="1.0" encoding="UTF-8"?>
<!-- Generated by org.testng.reporters.JUnitReportReporter -->
<testsuite skipped="0" hostname="01HW552989" name="jqxDataTable1.jqxDataTableTest1" tests="1" failures="0" timestamp="12 Apr 2019 15:06:58 GMT" time="69.464" errors="0">
  <testcase name="Google" time="69.464" classname="jqxDataTable1.jqxDataTableTest1"/>
</testsuite> <!-- jqxDataTable1.jqxDataTableTest1 -->
