<?xml version="1.0" encoding="UTF-8"?>
<!-- Generated by org.testng.reporters.JUnitReportReporter -->
<testsuite skipped="0" hostname="01HW552989" name="pageFactory.Factory" tests="3" failures="0" timestamp="18 Feb 2019 12:52:44 GMT" time="17.961" errors="0">
  <testcase name="maincode2" time="7.565" classname="pageFactory.Factory"/>
  <testcase name="maincode3" time="3.280" classname="pageFactory.Factory"/>
  <testcase name="Registration_data" time="7.116" classname="pageFactory.Factory"/>
</testsuite> <!-- pageFactory.Factory -->
