<?xml version="1.0" encoding="UTF-8"?>
<!-- Generated by org.testng.reporters.JUnitReportReporter -->
<testsuite skipped="0" hostname="01HW552989" name="NewTest" tests="1" failures="0" timestamp="12 Feb 2019 11:44:23 GMT" time="73.429" errors="0">
  <testcase name="f" time="73.429" classname="NewTest"/>
</testsuite> <!-- NewTest -->
