<?xml version="1.0" encoding="UTF-8"?>
<!-- Generated by org.testng.reporters.JUnitReportReporter -->
<testsuite skipped="0" hostname="01HW552989" name="w3s.W3sTest" tests="1" failures="0" timestamp="07 Mar 2019 10:34:21 GMT" time="89.116" errors="0">
  <testcase name="Google" time="89.116" classname="w3s.W3sTest"/>
</testsuite> <!-- w3s.W3sTest -->
