<?xml version="1.0" encoding="UTF-8"?>
<!-- Generated by org.testng.reporters.JUnitReportReporter -->
<testsuite skipped="0" hostname="01HW552989" name="practiceTestCases.DataProviderWithExcel_002" tests="1" failures="0" timestamp="14 Feb 2019 13:33:57 GMT" time="22.554" errors="0">
  <testcase name="Registration_data" time="22.554" classname="practiceTestCases.DataProviderWithExcel_002"/>
</testsuite> <!-- practiceTestCases.DataProviderWithExcel_002 -->
